<?xml version="1.0" encoding="UTF-8" ?>
<testsuite errors="0" failures="0" hostname="Sudhanshusr" name="test.java.TestJunit" tests="3" time="0.015" timestamp="2015-06-15T09:01:26">
  <properties>
[...]
</properties>
  <testcase classname="test.java.TestJunit" name="testgetsetcity" time="0.0" />
  <testcase classname="test.java.TestJunit" name="testgetsetcode" time="0.0" />
  <testcase classname="test.java.TestJunit" name="testgetsetname" time="0.0" />
  <system-out><![CDATA[]]></system-out>
  <system-err><![CDATA[]]></system-err>
</testsuite>
